dyld[81124]: <CD09F78F-4F21-32F1-AE29-7EBD801CAC29> /Users/nielsmommen/Documents/verifast-fork/bin/vfide
dyld[81124]: <0BA8D314-9EBC-370B-B61C-617FE5A85B41> /usr/local/Cellar/gtksourceview/2.10.5_6/lib/libgtksourceview-2.0.0.dylib
dyld[81124]: <255F43B0-5245-3C53-9201-9B36D29D64A1> /usr/local/Cellar/gtk+/2.24.33/lib/libgtk-quartz-2.0.0.dylib
dyld[81124]: <CF74AC8A-B0D9-37CA-A06C-E99BAE3985FA> /usr/local/Cellar/gtk+/2.24.33/lib/libgdk-quartz-2.0.0.dylib
dyld[81124]: <F46EC741-BF77-347E-893F-DE81E69B0215> /usr/local/Cellar/pango/1.50.12/lib/libpangocairo-1.0.0.dylib
dyld[81124]: <BD8E0D3A-3191-3C52-B684-DD416165B99D> /usr/local/Cellar/pango/1.50.12/lib/libpango-1.0.0.dylib
dyld[81124]: <CEAEAAF6-5197-37EB-801C-0C5A64B190AD> /usr/local/Cellar/harfbuzz/6.0.0_1/lib/libharfbuzz.0.dylib
dyld[81124]: <41702442-AC98-3F5D-94F8-9D9E83DDDD9C> /usr/local/Cellar/atk/2.38.0/lib/libatk-1.0.0.dylib
dyld[81124]: <25C2F452-1C0D-38D0-BB98-6165FF6DE2CA> /usr/local/Cellar/cairo/1.16.0_5/lib/libcairo.2.dylib
dyld[81124]: <DADF3253-4E2A-38C2-8A8B-17AC7D88E86C> /usr/local/Cellar/gdk-pixbuf/2.42.10/lib/libgdk_pixbuf-2.0.0.dylib
dyld[81124]: <13C7D761-0746-30EC-81DE-34B9C6A76EC6> /usr/local/Cellar/glib/2.74.5/lib/libgio-2.0.0.dylib
dyld[81124]: <98FA3062-58E6-3D8C-B375-8F3554C5ED31> /usr/local/Cellar/glib/2.74.5/lib/libgobject-2.0.0.dylib
dyld[81124]: <BF56194D-2BB8-3E0B-9EDD-BE1E3CF02423> /usr/local/Cellar/glib/2.74.5/lib/libglib-2.0.0.dylib
dyld[81124]: <146B350B-3118-3F81-AAB0-B6792D3D810D> /usr/local/Cellar/gettext/0.21.1/lib/libintl.8.dylib
dyld[81124]: <E4CAE041-C956-3017-991F-99FF9E38B2AA> /Users/nielsmommen/Documents/verifast-fork/bin/libz3.dylib
dyld[81124]: <67BE8C55-0929-38E5-85F7-AE8101F963F3> /System/Library/Frameworks/Cocoa.framework/Versions/A/Cocoa
dyld[81124]: <540CEDFD-5A35-3F35-8953-DCB7C4834EB5> /System/Library/Frameworks/AppKit.framework/Versions/C/AppKit
dyld[81124]: <9EA4EBD5-2228-3FE1-8E25-C2A116E35D6B> /System/Library/Frameworks/CoreData.framework/Versions/A/CoreData
dyld[81124]: <A58576DF-7109-3A13-A338-617F135CE8A8> /System/Library/Frameworks/Foundation.framework/Versions/C/Foundation
dyld[81124]: <0225C4B6-DAA0-3BB4-9A95-0B57A5023EED> /usr/lib/libSystem.B.dylib
dyld[81124]: <6544F1F5-53B7-3AE7-B222-5EF674C8C06F> /System/Library/PrivateFrameworks/UIFoundation.framework/Versions/A/UIFoundation
dyld[81124]: <DEDA5AEA-7CF8-36ED-9433-DF45E4F50ACC> /System/Library/PrivateFrameworks/CollectionViewCore.framework/Versions/A/CollectionViewCore
dyld[81124]: <BD0CC94C-6FFC-3676-B1D3-F86BF0F290BB> /System/Library/PrivateFrameworks/RemoteViewServices.framework/Versions/A/RemoteViewServices
dyld[81124]: <C233B265-1C89-34E0-95B8-5AFAD9E8D975> /System/Library/PrivateFrameworks/XCTTargetBootstrap.framework/Versions/A/XCTTargetBootstrap
dyld[81124]: <F3F921D1-0241-376E-ABD1-2EDEC19AD7F0> /System/Library/PrivateFrameworks/InternationalSupport.framework/Versions/A/InternationalSupport
dyld[81124]: <8D9A1EF8-8CDA-3EE1-AE16-483414D5B69E> /System/Library/PrivateFrameworks/UserActivity.framework/Versions/A/UserActivity
dyld[81124]: <41AAB95B-D6FB-3E20-9B8C-A020D8887BD2> /System/Library/PrivateFrameworks/WindowManagement.framework/Versions/A/WindowManagement
dyld[81124]: <CE5DDDDC-F88C-3C6D-B32B-308EF4C95740> /System/Library/Frameworks/SystemConfiguration.framework/Versions/A/SystemConfiguration
dyld[81124]: <2FD3EC82-DD42-38AF-A0DC-786F30A70982> /usr/lib/libspindump.dylib
dyld[81124]: <A1B52D70-86E3-305F-A22C-8CE4AC76E0B7> /System/Library/Frameworks/UniformTypeIdentifiers.framework/Versions/A/UniformTypeIdentifiers
dyld[81124]: <EE51E1B7-C7EB-3892-A18D-C02E0628FCBA> /usr/lib/libapp_launch_measurement.dylib
dyld[81124]: <7000AC18-766E-3AC9-95FC-760AD405B853> /System/Library/PrivateFrameworks/CoreAnalytics.framework/Versions/A/CoreAnalytics
dyld[81124]: <88BA98A1-BE38-3FF0-BF5E-E4A7133153E0> /System/Library/PrivateFrameworks/CoreAutoLayout.framework/Versions/A/CoreAutoLayout
dyld[81124]: <6581CD53-8583-38D1-B4B9-773F1DC3F551> /System/Library/Frameworks/Metal.framework/Versions/A/Metal
dyld[81124]: <EB6E895F-1FC9-3B44-814B-7B08A6DDFE25> /usr/lib/liblangid.dylib
dyld[81124]: <07E08C25-7AE2-3735-9297-4AC86B55C4D0> /System/Library/PrivateFrameworks/CoreSVG.framework/Versions/A/CoreSVG
dyld[81124]: <4C59F9B6-698C-332E-931F-E86CFB74790A> /System/Library/PrivateFrameworks/SkyLight.framework/Versions/A/SkyLight
dyld[81124]: <C04D8B49-4F4B-3A16-8DB9-A4F59D82D47E> /System/Library/Frameworks/CoreGraphics.framework/Versions/A/CoreGraphics
dyld[81124]: <6491387D-5FEA-3A9E-9424-633BEA649771> /System/Library/Frameworks/Accelerate.framework/Versions/A/Accelerate
dyld[81124]: <C2CACEB5-30BA-36A0-9BE4-E3C6AE06F131> /System/Library/PrivateFrameworks/IconServices.framework/Versions/A/IconServices
dyld[81124]: <7A40A461-57CD-323F-A9C5-4CA3A0DB275F> /System/Library/Frameworks/IOSurface.framework/Versions/A/IOSurface
dyld[81124]: <1D6E206C-7DF1-33CC-86D3-6EE5B579FDD4> /usr/lib/libDiagnosticMessagesClient.dylib
dyld[81124]: <B389F7FC-97A7-3F7E-9F0E-A9F45EF52C94> /usr/lib/libz.1.dylib
dyld[81124]: <0CF7EAAE-5967-3FCE-8E00-60B44C67701B> /System/Library/Frameworks/ApplicationServices.framework/Versions/A/ApplicationServices
dyld[81124]: <45B6C614-ED7C-378F-8B8D-E3E68C7807B8> /System/Library/PrivateFrameworks/DFRFoundation.framework/Versions/A/DFRFoundation
dyld[81124]: <8E812EAB-7375-31B5-A9DA-59FF82ABB633> /usr/lib/libicucore.A.dylib
dyld[81124]: <27BDF9AF-47C2-3221-A17C-7C1507B0BB38> /System/Library/Frameworks/AudioToolbox.framework/Versions/A/AudioToolbox
dyld[81124]: <EA082184-32BC-3B0A-AC98-81003F5712AB> /System/Library/PrivateFrameworks/DataDetectorsCore.framework/Versions/A/DataDetectorsCore
dyld[81124]: <39A0FB07-E153-3AF3-A580-48C7BADB2185> /System/Library/PrivateFrameworks/TextInput.framework/Versions/A/TextInput
dyld[81124]: <A1081690-8A25-33B6-9995-20DB666CDF7C> /usr/lib/libMobileGestalt.dylib
dyld[81124]: <7BF47984-29CB-319E-A6DA-0884D158F96A> /System/Library/Frameworks/Carbon.framework/Versions/A/Frameworks/HIToolbox.framework/Versions/A/HIToolbox
dyld[81124]: <C24311D4-71C0-372C-869C-B3C4961A4174> /System/Library/Frameworks/QuartzCore.framework/Versions/A/QuartzCore
dyld[81124]: <0FB134A0-C181-30E0-A69C-B93E22336532> /System/Library/Frameworks/Security.framework/Versions/A/Security
dyld[81124]: <F389CFE5-A477-376A-8173-BECA8B935F5C> /System/Library/Frameworks/Carbon.framework/Versions/A/Frameworks/SpeechRecognition.framework/Versions/A/SpeechRecognition
dyld[81124]: <74268B56-608B-38AD-B901-0EADA2032BC7> /System/Library/PrivateFrameworks/CoreUI.framework/Versions/A/CoreUI
dyld[81124]: <3B6E93DD-F8C6-338C-9251-5E750E091DD3> /System/Library/Frameworks/CoreAudio.framework/Versions/A/CoreAudio
dyld[81124]: <37D8CAC4-00D6-3B3D-85F1-EFE84C68E28B> /System/Library/Frameworks/DiskArbitration.framework/Versions/A/DiskArbitration
dyld[81124]: <AD4569A5-F1FE-3D07-B932-FE6CBDB18537> /System/Library/PrivateFrameworks/MultitouchSupport.framework/Versions/A/MultitouchSupport
dyld[81124]: <11F1975D-CF46-3EF1-8C30-C7198C2C7D3D> /usr/lib/libenergytrace.dylib
dyld[81124]: <45F3FD04-1CAD-30AF-8926-F905E2572494> /System/Library/Frameworks/IOKit.framework/Versions/A/IOKit
dyld[81124]: <CC566A75-4C29-37B7-8D66-92A286E726C6> /System/Library/Frameworks/CoreServices.framework/Versions/A/CoreServices
dyld[81124]: <14025591-CD07-3770-BFC3-DDFF7549BBE8> /System/Library/PrivateFrameworks/PerformanceAnalysis.framework/Versions/A/PerformanceAnalysis
dyld[81124]: <BDC969E3-DC5A-342D-81A2-DFDFB9ECC404> /System/Library/Frameworks/OpenGL.framework/Versions/A/OpenGL
dyld[81124]: <D5306609-82A3-316A-8259-352A9B6A3666> /usr/lib/libxml2.2.dylib
dyld[81124]: <D8939FBE-CCC1-3A58-A63B-D79591339021> /System/Library/PrivateFrameworks/MobileKeyBag.framework/Versions/A/MobileKeyBag
dyld[81124]: <EAB4B9FE-7636-3817-9E54-72C115A5493B> /usr/lib/libobjc.A.dylib
dyld[81124]: <B8339FB2-CBAE-3D84-B080-BD19DDB2981C> /usr/lib/libc++.1.dylib
dyld[81124]: <25F745A2-86F7-3647-9130-C2CA94931991> /System/Library/Frameworks/ColorSync.framework/Versions/A/ColorSync
dyld[81124]: <C2615780-0140-315C-A455-7E03BB22D3D6> /System/Library/Frameworks/CoreFoundation.framework/Versions/A/CoreFoundation
dyld[81124]: <1963CA59-8F0E-3559-9278-188823C7009C> /System/Library/Frameworks/CoreImage.framework/Versions/A/CoreImage
dyld[81124]: <B215F1D1-5415-381A-B413-9326E3992D2C> /System/Library/Frameworks/CoreText.framework/Versions/A/CoreText
dyld[81124]: <55E85DCB-1F5A-346C-98AD-9985D8DAE0AD> /System/Library/Frameworks/ImageIO.framework/Versions/A/ImageIO
dyld[81124]: <4242431E-119C-3075-B6AB-137F191BC409> /System/Library/PrivateFrameworks/SoftLinking.framework/Versions/A/SoftLinking
dyld[81124]: <87724E1D-CA12-37FB-9FF4-E55213F04F23> /usr/lib/libcompression.dylib
dyld[81124]: <8839BB11-5AB6-3085-9A54-3075E44DC7A8> /System/Library/PrivateFrameworks/TextureIO.framework/Versions/A/TextureIO
dyld[81124]: <4ACDFA42-1115-38E7-B4BE-1E32AC11BB63> /usr/lib/libate.dylib
dyld[81124]: <2F38ABC8-E062-352A-A43F-C9ECDDEFB4D1> /usr/lib/system/libcache.dylib
dyld[81124]: <EE100A7C-8993-3A89-9C1B-81BCCE5E9C03> /usr/lib/system/libcommonCrypto.dylib
dyld[81124]: <889D4015-F7EA-3FB5-A9A1-FF1529BB5D6F> /usr/lib/system/libcompiler_rt.dylib
dyld[81124]: <802D704C-4DB8-35B5-8F86-E54F0EC69D50> /usr/lib/system/libcopyfile.dylib
dyld[81124]: <ECF1F0E2-AB75-3AF1-8A6B-ABFF99C1EABA> /usr/lib/system/libcorecrypto.dylib
dyld[81124]: <D59EE79A-169A-3799-8EA1-C8AD56BB11C9> /usr/lib/system/libdispatch.dylib
dyld[81124]: <45277DD5-20A4-3C50-B361-A6F18C327027> /usr/lib/system/libdyld.dylib
dyld[81124]: <18F63043-1400-331F-BC07-6921F549C2FC> /usr/lib/system/libkeymgr.dylib
dyld[81124]: <FC72A176-B21C-3E0E-8285-AEC9023A2215> /usr/lib/system/libmacho.dylib
dyld[81124]: <EF67E48F-DEF5-387B-82B3-257EE48C3826> /usr/lib/system/libquarantine.dylib
dyld[81124]: <4EB07CCD-73DA-337B-9515-3B6437DA754B> /usr/lib/system/libremovefile.dylib
dyld[81124]: <47FE9552-11D4-3310-B7A1-01B5FB182CB5> /usr/lib/system/libsystem_asl.dylib
dyld[81124]: <3F8CE062-65C8-3EFC-9A67-FDDD81E6A005> /usr/lib/system/libsystem_blocks.dylib
dyld[81124]: <1AEC5D1A-6E43-30F9-A9F2-11EB85D3E70C> /usr/lib/system/libsystem_c.dylib
dyld[81124]: <70A82C43-9905-38B3-92FB-ED25D4C16BAC> /usr/lib/system/libsystem_collections.dylib
dyld[81124]: <E145E93D-16CD-3A8B-BF58-4C1FC0C9E629> /usr/lib/system/libsystem_configuration.dylib
dyld[81124]: <BD31E945-54D4-370C-BF14-EED6CC706879> /usr/lib/system/libsystem_containermanager.dylib
dyld[81124]: <D77A4DAB-3C28-3EF2-9D3F-C79A8F37242B> /usr/lib/system/libsystem_coreservices.dylib
dyld[81124]: <1FBD5F83-B7A4-3DB3-805F-85BEC72FFD4A> /usr/lib/system/libsystem_darwin.dylib
dyld[81124]: <D0C0B6DE-2C70-36CF-9271-3A4507F8F06B> /usr/lib/system/libsystem_dnssd.dylib
dyld[81124]: <AADBCEEC-D5F5-3B7C-9651-94A5DA198D21> /usr/lib/system/libsystem_featureflags.dylib
dyld[81124]: <AC2EBF12-B931-3B65-B699-CDE0DDE860E4> /usr/lib/system/libsystem_info.dylib
dyld[81124]: <108FE5EB-7893-302F-89AC-91CD8F071E77> /usr/lib/system/libsystem_m.dylib
dyld[81124]: <D983A782-1A34-3466-9ACB-94CBECD2F308> /usr/lib/system/libsystem_malloc.dylib
dyld[81124]: <2941F126-0E70-35AA-8C71-775DA253B08C> /usr/lib/system/libsystem_networkextension.dylib
dyld[81124]: <94CC87C8-6B63-3219-9354-FF94C63B7F9F> /usr/lib/system/libsystem_notify.dylib
dyld[81124]: <BCA7DDE5-60F5-3DDA-A76F-93092267CCAB> /usr/lib/system/libsystem_sandbox.dylib
dyld[81124]: <ACB1D210-0C21-3D58-9D4A-8CB5B7885C5D> /usr/lib/system/libsystem_secinit.dylib
dyld[81124]: <87FF381C-4D30-3087-BAB7-A5A53D232C00> /usr/lib/system/libsystem_kernel.dylib
dyld[81124]: <04645919-7592-3A26-93B5-95663F983856> /usr/lib/system/libsystem_platform.dylib
dyld[81124]: <3BD433D4-15BD-3ADD-A612-95E4D3B20719> /usr/lib/system/libsystem_pthread.dylib
dyld[81124]: <E58110E3-F624-39DE-B04E-C48AB3CD4D31> /usr/lib/system/libsystem_symptoms.dylib
dyld[81124]: <DCB75350-1860-3391-9EE4-C7484EFC9331> /usr/lib/system/libsystem_trace.dylib
dyld[81124]: <D09600EF-E682-323E-A4DA-63CF30C84476> /usr/lib/system/libunwind.dylib
dyld[81124]: <26C3A7D6-1462-39FE-A5D9-ECAFE5D70DEE> /usr/lib/system/libxpc.dylib
dyld[81124]: <AF1F6DD6-2182-37B5-9E27-0CC62C440696> /usr/lib/libc++abi.dylib
dyld[81124]: <BE8B9C58-66B9-3AA7-A617-DB47EEA224D4> /usr/lib/liboah.dylib
dyld[81124]: <B4E6CD85-55C9-314A-9244-2910CF471537> /usr/lib/liblzma.5.dylib
dyld[81124]: <425D6AD9-3398-3694-A8FF-844B69209C84> /usr/lib/libfakelink.dylib
dyld[81124]: <4B897C45-5C75-37B9-A394-66FFB18FFC35> /System/Library/Frameworks/CFNetwork.framework/Versions/A/CFNetwork
dyld[81124]: <1D78C31D-873E-3377-8FD8-4CF5A2E539C3> /usr/lib/libarchive.2.dylib
dyld[81124]: <6990C3A1-AD10-360E-B95D-89A28DB55E26> /System/Library/Frameworks/Combine.framework/Versions/A/Combine
dyld[81124]: <4A9A0642-F3FB-34DF-805E-ED943EC67846> /usr/lib/swift/libswiftCore.dylib
dyld[81124]: <1F383123-3D86-3B53-B79A-B736136A1863> /usr/lib/swift/libswiftCoreFoundation.dylib
dyld[81124]: <23D7FF65-2484-33CA-907A-C9DAEB3E5595> /usr/lib/swift/libswiftDarwin.dylib
dyld[81124]: <E6650041-9D55-3025-838E-1B758E1BAC91> /usr/lib/swift/libswiftDispatch.dylib
dyld[81124]: <C53DC4E3-31AC-394B-87AE-23CBCFBCD31C> /usr/lib/swift/libswiftIOKit.dylib
dyld[81124]: <FF935EB6-0A92-3AB2-9067-3D770A25E9D5> /usr/lib/swift/libswiftObjectiveC.dylib
dyld[81124]: <7F7C5510-94AA-308A-AC0C-EDF8E0116D27> /usr/lib/swift/libswiftXPC.dylib
dyld[81124]: <D72ABA86-53F0-342D-A762-6C046BABE2CE> /usr/lib/swift/libswift_Concurrency.dylib
dyld[81124]: <103F34A3-CC78-3B74-98AF-C47C4B6C0CD1> /usr/lib/swift/libswift_StringProcessing.dylib
dyld[81124]: <78AA5E5F-2692-37BA-A361-EDCD5ACA7F17> /usr/lib/swift/libswiftos.dylib
dyld[81124]: <07E38256-3172-3DA0-A4F3-244BC86F667D> /System/Library/PrivateFrameworks/CoreServicesInternal.framework/Versions/A/CoreServicesInternal
dyld[81124]: <C7029EDD-9853-3FDD-9368-A18FC743A8AB> /usr/lib/libbsm.0.dylib
dyld[81124]: <8166A34E-21F1-3EFB-BCF3-7C1FCCE61AA1> /usr/lib/system/libkxld.dylib
dyld[81124]: <794477CA-EFCA-361D-BD65-41C43D971B4E> /System/Library/Frameworks/CoreServices.framework/Versions/A/Frameworks/FSEvents.framework/Versions/A/FSEvents
dyld[81124]: <7B4B6EC1-8F13-3A3F-B4FE-FE5C9F45DA98> /System/Library/Frameworks/CoreServices.framework/Versions/A/Frameworks/CarbonCore.framework/Versions/A/CarbonCore
dyld[81124]: <B137BBA0-171E-36AD-9BF8-EAB3BEE0A5AD> /System/Library/Frameworks/CoreServices.framework/Versions/A/Frameworks/Metadata.framework/Versions/A/Metadata
dyld[81124]: <734E0AA4-26EC-3368-A0EB-4A59F877F6BA> /System/Library/Frameworks/CoreServices.framework/Versions/A/Frameworks/OSServices.framework/Versions/A/OSServices
dyld[81124]: <2C82BE0A-56F0-38B4-83AF-D31DB80F8B58> /System/Library/Frameworks/CoreServices.framework/Versions/A/Frameworks/SearchKit.framework/Versions/A/SearchKit
dyld[81124]: <C9FAC6A1-1BA1-3D05-870E-1348EC90C40D> /System/Library/Frameworks/CoreServices.framework/Versions/A/Frameworks/AE.framework/Versions/A/AE
dyld[81124]: <CDFACA75-240C-3248-B15B-0F83C1157F0E> /System/Library/Frameworks/CoreServices.framework/Versions/A/Frameworks/LaunchServices.framework/Versions/A/LaunchServices
dyld[81124]: <A360F72B-5C22-3406-B2A4-41A1A1306AC2> /System/Library/Frameworks/CoreServices.framework/Versions/A/Frameworks/DictionaryServices.framework/Versions/A/DictionaryServices
dyld[81124]: <C30645A1-405C-36D0-9677-B64D094C3AFB> /System/Library/Frameworks/CoreServices.framework/Versions/A/Frameworks/SharedFileList.framework/Versions/A/SharedFileList
dyld[81124]: <03A4BFBA-3432-3EBA-9D91-A1FE8FBD4DDB> /usr/lib/libapple_nghttp2.dylib
dyld[81124]: <52CA5C0F-1FCC-3E43-B106-F4BC49338A94> /usr/lib/libnetwork.dylib
dyld[81124]: <C4D13637-906A-3B42-8F49-DE291EF0F13B> /usr/lib/libsqlite3.dylib
dyld[81124]: <E99D3CB0-E74A-3B5E-AA9A-0827C3898EC5> /System/Library/Frameworks/Network.framework/Versions/A/Network
dyld[81124]: <F7C42633-7843-3A6C-9E98-E5B9DE29E79F> /usr/lib/libCoreEntitlements.dylib
dyld[81124]: <ED35F6E4-4219-3356-B88C-9A5D07CBF78A> /System/Library/PrivateFrameworks/MessageSecurity.framework/Versions/A/MessageSecurity
dyld[81124]: <52ABF9E6-19F6-338C-872E-6FFFB195738D> /System/Library/PrivateFrameworks/ProtocolBuffer.framework/Versions/A/ProtocolBuffer
dyld[81124]: <CC5B5881-E62C-37B4-9DA1-E71040D2EB8C> /System/Library/PrivateFrameworks/AppleFSCompression.framework/Versions/A/AppleFSCompression
dyld[81124]: <11C1CC6E-ADC4-350B-9862-333A30262A18> /usr/lib/libcoretls.dylib
dyld[81124]: <2BCFC686-2405-39EB-9812-8903661FB81D> /usr/lib/libcoretls_cfhelpers.dylib
dyld[81124]: <44E706C8-9EDF-3024-8140-2CEA95B14F50> /usr/lib/libpam.2.dylib
dyld[81124]: <2B31DEA9-93C8-3E9D-A8E8-2E830294B0A7> /usr/lib/libxar.1.dylib
dyld[81124]: <AFEF4F82-E76D-348C-B5E9-4124F110373B> /usr/lib/libheimdal-asn1.dylib
dyld[81124]: <34B378D6-21D7-361A-BA7C-AA1195618F67> /usr/lib/libpcap.A.dylib
dyld[81124]: <364243DE-35E5-3B1D-8834-EB8EF7167362> /usr/lib/libdns_services.dylib
dyld[81124]: <7E894563-FEAD-382B-84B6-55D95CDF0B8E> /System/Library/PrivateFrameworks/AppleSystemInfo.framework/Versions/A/AppleSystemInfo
dyld[81124]: <C5D4BF3B-8449-3A0C-9DE7-E0BACCA75063> /System/Library/PrivateFrameworks/IOMobileFramebuffer.framework/Versions/A/IOMobileFramebuffer
dyld[81124]: <B2BE9B25-BF68-358D-9873-CD99294290A1> /usr/lib/libbz2.1.0.dylib
dyld[81124]: <FEF8D4EC-02B5-3266-87F4-5DAAE8DFF274> /usr/lib/libCheckFix.dylib
dyld[81124]: <A07EC530-D409-353F-841C-B13618AFCE44> /System/Library/PrivateFrameworks/TCC.framework/Versions/A/TCC
dyld[81124]: <765C8130-CD9E-3D80-A415-17F61EB28A67> /System/Library/PrivateFrameworks/CoreNLP.framework/Versions/A/CoreNLP
dyld[81124]: <855A0824-7A45-3BB0-9EED-DC40A2D61819> /System/Library/PrivateFrameworks/MetadataUtilities.framework/Versions/A/MetadataUtilities
dyld[81124]: <4CBF85E2-79B2-3ABE-A598-316BACFE6C8F> /usr/lib/libmecab.dylib
dyld[81124]: <E9787C12-AFB2-3134-9755-D5D0251B3D8E> /usr/lib/libCRFSuite.dylib
dyld[81124]: <F3C0464F-B45F-3487-9B43-D66B7CC6A682> /usr/lib/libgermantok.dylib
dyld[81124]: <120CE168-385F-363F-95D2-C41268827A50> /usr/lib/libThaiTokenizer.dylib
dyld[81124]: <AB7D8956-C700-3F76-BC2B-0C2C9BB369EA> /System/Library/Frameworks/Accelerate.framework/Versions/A/Frameworks/vImage.framework/Versions/A/vImage
dyld[81124]: <09384AA6-FC01-3517-A3BB-5A86CD4E10AE> /System/Library/Frameworks/Accelerate.framework/Versions/A/Frameworks/vecLib.framework/Versions/A/vecLib
dyld[81124]: <9BE36E1D-1B71-3C39-A937-FF49554512D2> /System/Library/Frameworks/Accelerate.framework/Versions/A/Frameworks/vecLib.framework/Versions/A/libvMisc.dylib
dyld[81124]: <8302C68F-6AB0-36BF-9185-D676C65C7E10> /System/Library/Frameworks/Accelerate.framework/Versions/A/Frameworks/vecLib.framework/Versions/A/libvDSP.dylib
dyld[81124]: <87C382F9-9507-3A43-8A20-F52D5829BA7A> /System/Library/Frameworks/Accelerate.framework/Versions/A/Frameworks/vecLib.framework/Versions/A/libBLAS.dylib
dyld[81124]: <AE786A2F-3701-3984-93BF-F97852ABF4A6> /System/Library/Frameworks/Accelerate.framework/Versions/A/Frameworks/vecLib.framework/Versions/A/libLAPACK.dylib
dyld[81124]: <E601B625-07DF-3308-B3CF-9A43CD3CED81> /System/Library/Frameworks/Accelerate.framework/Versions/A/Frameworks/vecLib.framework/Versions/A/libLinearAlgebra.dylib
dyld[81124]: <D2ADCACA-FC54-3900-8C7E-8BB4584DCA66> /System/Library/Frameworks/Accelerate.framework/Versions/A/Frameworks/vecLib.framework/Versions/A/libSparseBLAS.dylib
dyld[81124]: <A3346292-421F-3272-BC4C-FFAF22E66E19> /System/Library/Frameworks/Accelerate.framework/Versions/A/Frameworks/vecLib.framework/Versions/A/libQuadrature.dylib
dyld[81124]: <76B9D287-682B-3208-AD20-78D92662C699> /System/Library/Frameworks/Accelerate.framework/Versions/A/Frameworks/vecLib.framework/Versions/A/libBNNS.dylib
dyld[81124]: <35F6AED3-0702-3185-8872-7E8739FE235C> /System/Library/Frameworks/Accelerate.framework/Versions/A/Frameworks/vecLib.framework/Versions/A/libSparse.dylib
dyld[81124]: <C234916A-FD7A-3CEB-8362-FA0011792208> /System/Library/PrivateFrameworks/MIL.framework/Versions/A/MIL
dyld[81124]: <D0932FA6-F8CC-3913-9B63-32EF346DBE91> /usr/lib/libiconv.2.dylib
dyld[81124]: <66245147-BD93-39ED-938B-B93C2292DB82> /usr/lib/libcharset.1.dylib
dyld[81124]: <D4D5AB22-50FE-3A01-8E02-FA670409909C> /System/Library/Frameworks/OpenDirectory.framework/Versions/A/Frameworks/CFOpenDirectory.framework/Versions/A/CFOpenDirectory
dyld[81124]: <E4F2C63D-19F2-311C-B374-8852BB0AC261> /System/Library/Frameworks/OpenDirectory.framework/Versions/A/OpenDirectory
dyld[81124]: <BE6D6BDD-7BB0-340C-8623-61662A57FF37> /System/Library/PrivateFrameworks/APFS.framework/Versions/A/APFS
dyld[81124]: <0E54BD96-8695-3121-AE11-C607EA45AE37> /System/Library/Frameworks/SecurityFoundation.framework/Versions/A/SecurityFoundation
dyld[81124]: <DAB8D092-4D27-3671-8546-961F2E77F86F> /usr/lib/libutil.dylib
dyld[81124]: <4A51A07D-49C8-3E38-A07A-A4989651BA24> /System/Library/PrivateFrameworks/InstalledContentLibrary.framework/Versions/A/InstalledContentLibrary
dyld[81124]: <89EF8175-CD82-382F-9C93-4E129C8A7A8D> /System/Library/PrivateFrameworks/CoreServicesStore.framework/Versions/A/CoreServicesStore
dyld[81124]: <07EC779B-12F2-3F8C-9665-75377BD9DB8A> /System/Library/PrivateFrameworks/AppleMobileFileIntegrity.framework/Versions/A/AppleMobileFileIntegrity
dyld[81124]: <A0CA16F6-1671-38D8-A5CB-4CBE2E68DD7D> /usr/lib/libmis.dylib
dyld[81124]: <3D7AAAD9-71C2-3EA1-B642-92C97CD02B97> /System/Library/PrivateFrameworks/MobileSystemServices.framework/Versions/A/MobileSystemServices
dyld[81124]: <5A610215-9ADA-3370-886A-FA017116B467> /System/Library/PrivateFrameworks/ConfigProfileHelper.framework/Versions/A/ConfigProfileHelper
dyld[81124]: <43E7B269-1E8C-376B-B795-C9ED521CF707> /System/Library/PrivateFrameworks/AppleSauce.framework/Versions/A/AppleSauce
dyld[81124]: <386CAEB0-07C2-346C-89F6-EBBF448CA69D> /System/Library/PrivateFrameworks/LanguageModeling.framework/Versions/A/LanguageModeling
dyld[81124]: <102AFC4B-3F76-3D89-B6E6-FFF64A184CF6> /usr/lib/libxslt.1.dylib
dyld[81124]: <02BBAC12-256E-34D6-9037-6680F8BC5CC3> /usr/lib/libcmph.dylib
dyld[81124]: <14ED223F-A36B-30F7-8926-5D7D87B0E844> /System/Library/PrivateFrameworks/CoreEmoji.framework/Versions/A/CoreEmoji
dyld[81124]: <6913A60F-68AC-38E5-8011-BA62F88386CB> /System/Library/PrivateFrameworks/LinguisticData.framework/Versions/A/LinguisticData
dyld[81124]: <00976CAD-632A-3314-984C-D21803D09D36> /System/Library/PrivateFrameworks/Lexicon.framework/Versions/A/Lexicon
dyld[81124]: <CCE5CD0A-E46B-38B8-A17A-0037309B9F7A> /System/Library/PrivateFrameworks/BackgroundTaskManagement.framework/Versions/A/BackgroundTaskManagement
dyld[81124]: <85C14612-698E-37A0-B3FE-2B68A411D301> /usr/lib/libTLE.dylib
dyld[81124]: <0DC67819-B890-311A-9590-D3C471D04220> /usr/lib/swift/libswift_RegexParser.dylib
dyld[81124]: <1CDF05A1-C771-3462-87F2-35D8AA55D8E5> /System/Library/PrivateFrameworks/AppleJPEG.framework/Versions/A/AppleJPEG
dyld[81124]: <76FF4E40-3D4E-3B7D-A0ED-00DCDA2F421D> /usr/lib/libexpat.1.dylib
dyld[81124]: <8ACAB8AB-7314-38F2-A144-958F36552A4B> /System/Library/Frameworks/ImageIO.framework/Versions/A/Resources/libPng.dylib
dyld[81124]: <4C6BF76A-57A5-3F28-9A85-2C8E11E78DB9> /System/Library/Frameworks/ImageIO.framework/Versions/A/Resources/libTIFF.dylib
dyld[81124]: <06DEB8C7-8B10-31E3-A8B6-16506566D479> /System/Library/Frameworks/ImageIO.framework/Versions/A/Resources/libGIF.dylib
dyld[81124]: <C6DFC88B-ACCE-3DD5-9872-4FB16745C2A9> /System/Library/Frameworks/ImageIO.framework/Versions/A/Resources/libJP2.dylib
dyld[81124]: <4638D7B5-305D-39AE-8274-277A24829E33> /System/Library/Frameworks/ImageIO.framework/Versions/A/Resources/libJPEG.dylib
dyld[81124]: <AD36988A-DAE8-3AB6-A4DC-5E02496EE51C> /System/Library/Frameworks/ImageIO.framework/Versions/A/Resources/libRadiance.dylib
dyld[81124]: <11B97C2D-DBA5-34F4-B605-C2E20F11E9DC> /System/Library/PrivateFrameworks/FontServices.framework/libFontParser.dylib
dyld[81124]: <8FAD96BD-1DA8-3E32-8387-877CCDFE1786> /System/Library/PrivateFrameworks/RunningBoardServices.framework/Versions/A/RunningBoardServices
dyld[81124]: <AAA6C0BE-022F-38C3-9EAC-618B29A3E3D6> /System/Library/PrivateFrameworks/IOSurfaceAccelerator.framework/Versions/A/IOSurfaceAccelerator
dyld[81124]: <C2C8C6E2-BDAA-3273-A07D-4748F9B4B6CB> /System/Library/PrivateFrameworks/WatchdogClient.framework/Versions/A/WatchdogClient
dyld[81124]: <E92E07F7-28EE-3092-8B5C-E431130DBD37> /System/Library/Frameworks/CoreDisplay.framework/Versions/A/CoreDisplay
dyld[81124]: <665F6BA2-0F4E-3B1A-9817-E09CE6ED098B> /System/Library/Frameworks/CoreMedia.framework/Versions/A/CoreMedia
dyld[81124]: <4E8C2043-9D25-350F-A2A9-EB660F94716E> /System/Library/PrivateFrameworks/IOAccelerator.framework/Versions/A/IOAccelerator
dyld[81124]: <24BE1C13-8E56-38E7-8FD7-0FCCF9786061> /System/Library/Frameworks/CoreVideo.framework/Versions/A/CoreVideo
dyld[81124]: <174D3505-0755-32D9-961F-867D1F8A1670> /System/Library/Frameworks/MetalPerformanceShaders.framework/Versions/A/MetalPerformanceShaders
dyld[81124]: <74EE1790-FF72-3577-B498-39115B4F77E7> /System/Library/Frameworks/VideoToolbox.framework/Versions/A/VideoToolbox
dyld[81124]: <474ECD9E-22F7-33DB-A9AC-C830305D31AD> /System/Library/PrivateFrameworks/BaseBoard.framework/Versions/A/BaseBoard
dyld[81124]: <4B335232-6C95-3905-BA92-5BCFDE91610B> /System/Library/PrivateFrameworks/GPUWrangler.framework/Versions/A/GPUWrangler
dyld[81124]: <989037C5-7516-3F01-BA36-CAE2E63239D6> /System/Library/PrivateFrameworks/IOPresentment.framework/Versions/A/IOPresentment
dyld[81124]: <C2D2E37F-BC10-34AF-8508-75B49D0D0E06> /System/Library/PrivateFrameworks/DSExternalDisplay.framework/Versions/A/DSExternalDisplay
dyld[81124]: <C2F622A8-B92A-3D76-9549-1FB7BC428091> /System/Library/PrivateFrameworks/GPUCompiler.framework/Versions/31001/Libraries/libllvm-flatbuffers.dylib
dyld[81124]: <809EF7C8-D68F-3BA1-B2EE-23E7EA8B360E> /System/Library/Frameworks/OpenGL.framework/Versions/A/Libraries/libCoreFSCache.dylib
dyld[81124]: <623C922B-B778-37C5-917B-186E88376470> /System/Library/PrivateFrameworks/GPUCompiler.framework/Versions/31001/Libraries/libGPUCompilerUtils.dylib
dyld[81124]: <C82FD35C-E4B3-3240-9924-FBEF5C7CF6B0> /System/Library/PrivateFrameworks/CMCaptureCore.framework/Versions/A/CMCaptureCore
dyld[81124]: <BB0B461B-AE5E-3172-A255-B1DA31720162> /System/Library/Frameworks/ExtensionFoundation.framework/Versions/A/ExtensionFoundation
dyld[81124]: <810FF660-DB8C-3D20-9C4F-EB10C26B1F8F> /System/Library/PrivateFrameworks/CoreTime.framework/Versions/A/CoreTime
dyld[81124]: <2A48051D-12D8-3FA9-A799-4F3CDFBA0ADF> /System/Library/PrivateFrameworks/AppServerSupport.framework/Versions/A/AppServerSupport
dyld[81124]: <48D37F40-0654-37A0-A1ED-816B75E63237> /System/Library/PrivateFrameworks/perfdata.framework/Versions/A/perfdata
dyld[81124]: <61CC9361-069E-3ABC-9FC4-826015CFB91A> /System/Library/PrivateFrameworks/AudioToolboxCore.framework/Versions/A/AudioToolboxCore
dyld[81124]: <BF7582BD-4DE0-3CA2-8B69-F1944725F182> /System/Library/PrivateFrameworks/caulk.framework/Versions/A/caulk
dyld[81124]: <FEE2CC00-A7BC-3746-B31B-AA4F8AB01002> /usr/lib/libAudioStatistics.dylib
dyld[81124]: <0C8D6A47-6C22-3353-9BA2-E65FC708E342> /System/Library/PrivateFrameworks/SystemPolicy.framework/Versions/A/SystemPolicy
dyld[81124]: <743ECA71-9188-3C24-A8C1-FE0493B06F0D> /usr/lib/libSMC.dylib
dyld[81124]: <EF0B1EAB-34F6-3BEE-B85B-792871A8D4CB> /System/Library/Frameworks/CoreMIDI.framework/Versions/A/CoreMIDI
dyld[81124]: <5118B960-CA87-3067-B146-8D752FBBD7B7> /usr/lib/libAudioToolboxUtility.dylib
dyld[81124]: <B4906FA5-4EE7-3B53-BDEF-8C8728F6B114> /System/Library/PrivateFrameworks/OSAServicesClient.framework/Versions/A/OSAServicesClient
dyld[81124]: <33EDD95F-D5E5-3163-9003-9857E9D40C1E> /usr/lib/libperfcheck.dylib
dyld[81124]: <CC48D589-2343-3B99-A179-980F9DD14E97> /System/Library/PrivateFrameworks/PlugInKit.framework/Versions/A/PlugInKit
dyld[81124]: <56BC620B-7AA2-383C-9F48-74C7C0936813> /System/Library/PrivateFrameworks/AssertionServices.framework/Versions/A/AssertionServices
dyld[81124]: <76582C92-7033-3C32-8BAD-0423E7FC9CE6> /System/Library/Frameworks/OpenGL.framework/Versions/A/Libraries/libGLU.dylib
dyld[81124]: <D4B6C57C-664F-373F-9387-7D16C2BC58B2> /System/Library/Frameworks/OpenGL.framework/Versions/A/Libraries/libGFXShared.dylib
dyld[81124]: <E6A3D9AD-DF15-379E-BEA9-34B41FA75FE9> /System/Library/Frameworks/OpenGL.framework/Versions/A/Libraries/libGL.dylib
dyld[81124]: <7B1BCF83-F25D-3D2F-96F6-E905FFDE883D> /System/Library/Frameworks/OpenGL.framework/Versions/A/Libraries/libGLImage.dylib
dyld[81124]: <FB88D8A7-B058-39DE-B02C-B1B6D6CA3FAE> /System/Library/Frameworks/OpenGL.framework/Versions/A/Libraries/libCVMSPluginSupport.dylib
dyld[81124]: <BE8B9C58-66B9-3AA7-A617-DB47EEA224D4> /usr/lib/libRosetta.dylib
dyld[81124]: <917C60B8-5239-3B97-9AB4-242661A1190C> /System/Library/Frameworks/OpenGL.framework/Versions/A/Libraries/libCoreVMClient.dylib
dyld[81124]: <AA7E0449-B4F5-3F21-8263-3F22BBA9684A> /System/Library/Frameworks/MetalPerformanceShaders.framework/Versions/A/Frameworks/MPSCore.framework/Versions/A/MPSCore
dyld[81124]: <4155F4A6-891D-39BB-81FE-D46CCF9F4E14> /System/Library/Frameworks/MetalPerformanceShaders.framework/Versions/A/Frameworks/MPSImage.framework/Versions/A/MPSImage
dyld[81124]: <DF7F5136-7D40-3B25-987E-B7DF969DF5FA> /System/Library/Frameworks/MetalPerformanceShaders.framework/Versions/A/Frameworks/MPSNeuralNetwork.framework/Versions/A/MPSNeuralNetwork
dyld[81124]: <0B4CA001-4426-39BA-A724-0FEDA4B28DF2> /System/Library/Frameworks/MetalPerformanceShaders.framework/Versions/A/Frameworks/MPSMatrix.framework/Versions/A/MPSMatrix
dyld[81124]: <9C79D3CC-2A80-3374-82AB-EAA4A6C4CD0A> /System/Library/Frameworks/MetalPerformanceShaders.framework/Versions/A/Frameworks/MPSRayIntersector.framework/Versions/A/MPSRayIntersector
dyld[81124]: <2C393FE7-3A23-3B61-AB6D-3506A5C24A5F> /System/Library/Frameworks/MetalPerformanceShaders.framework/Versions/A/Frameworks/MPSNDArray.framework/Versions/A/MPSNDArray
dyld[81124]: <E5943061-AB2D-3BBD-8962-F2F48F5B57A3> /System/Library/Frameworks/MetalPerformanceShaders.framework/Versions/A/Frameworks/MPSFunctions.framework/Versions/A/MPSFunctions
dyld[81124]: <1D12E99F-95A0-3859-ACE4-E9F8087E5B1C> /System/Library/PrivateFrameworks/MetalTools.framework/Versions/A/MetalTools
dyld[81124]: <E1FEAEC9-5415-3755-B3D2-8B2061AADA89> /System/Library/PrivateFrameworks/AggregateDictionary.framework/Versions/A/AggregateDictionary
dyld[81124]: <B16E8F0A-A107-3F77-A3B0-3177672C6615> /usr/lib/libIOReport.dylib
dyld[81124]: <16CBA5C4-1B33-3D22-9EF1-74C179B2015A> /System/Library/Frameworks/OpenCL.framework/Versions/A/OpenCL
dyld[81124]: <BA3A7BB4-008D-3874-A163-25FBDE8A9629> /System/Library/PrivateFrameworks/GraphVisualizer.framework/Versions/A/GraphVisualizer
dyld[81124]: <0DBEFCD5-49EE-35B7-AD74-CD74D9F83573> /System/Library/PrivateFrameworks/FontServices.framework/Versions/A/FontServices
dyld[81124]: <9B3225DE-352D-3107-872F-4316A35BBA79> /System/Library/PrivateFrameworks/OTSVG.framework/Versions/A/OTSVG
dyld[81124]: <1524FF33-2571-3A60-8E80-9D22400ECFCF> /System/Library/Frameworks/ApplicationServices.framework/Versions/A/Frameworks/ATS.framework/Versions/A/Resources/libFontRegistry.dylib
dyld[81124]: <8CD7BB06-0ABE-37BF-9214-7C49E0D9A6E8> /System/Library/PrivateFrameworks/FontServices.framework/libhvf.dylib
dyld[81124]: <3825F537-3F88-3433-A09D-CA82E9A41583> /System/Library/PrivateFrameworks/FontServices.framework/libXTFontStaticRegistryData.dylib
dyld[81124]: <B009601B-A788-382F-9CFD-7A6C5D029FD3> /System/Library/PrivateFrameworks/VideoToolboxParavirtualizationSupport.framework/Versions/A/VideoToolboxParavirtualizationSupport
dyld[81124]: <2DCC4340-6EB3-316D-ACF8-47EAEE060CA7> /System/Library/PrivateFrameworks/AppleVA.framework/Versions/A/AppleVA
dyld[81124]: <1902B767-D283-30F1-B123-DBED2662B90F> /System/Library/Frameworks/ApplicationServices.framework/Versions/A/Frameworks/ATS.framework/Versions/A/ATS
dyld[81124]: <49F2A033-08AC-3343-B13E-61E2DE64DA8B> /System/Library/Frameworks/ApplicationServices.framework/Versions/A/Frameworks/HIServices.framework/Versions/A/HIServices
dyld[81124]: <2ECD8CA1-6AF9-3CB5-ADD0-A9D3D6823A8F> /System/Library/Frameworks/ApplicationServices.framework/Versions/A/Frameworks/PrintCore.framework/Versions/A/PrintCore
dyld[81124]: <9E822AA8-E453-3FF7-AD16-89676A8531CF> /System/Library/Frameworks/ApplicationServices.framework/Versions/A/Frameworks/QD.framework/Versions/A/QD
dyld[81124]: <A03E0093-7FE8-3AD7-B16B-B48DC18077C3> /System/Library/Frameworks/ApplicationServices.framework/Versions/A/Frameworks/ColorSyncLegacy.framework/Versions/A/ColorSyncLegacy
dyld[81124]: <4F565D0B-90F5-35F4-B0C3-34C331216438> /System/Library/Frameworks/ApplicationServices.framework/Versions/A/Frameworks/SpeechSynthesis.framework/Versions/A/SpeechSynthesis
dyld[81124]: <CFDC9029-D208-3BDF-9F97-B0181C41A67A> /System/Library/Frameworks/ApplicationServices.framework/Versions/A/Frameworks/ATSUI.framework/Versions/A/ATSUI
dyld[81124]: <7AC64DA6-3C68-386A-9130-590E22D47CD1> /usr/lib/libcups.2.dylib
dyld[81124]: <3CD0B8AD-A9C9-30C9-BC18-A59C7621A393> /System/Library/Frameworks/Kerberos.framework/Versions/A/Kerberos
dyld[81124]: <F9D93551-7DFB-3200-83E8-E6A397D9CEF2> /System/Library/Frameworks/GSS.framework/Versions/A/GSS
dyld[81124]: <3885D571-E413-3841-A620-7906A5AE40B9> /usr/lib/libresolv.9.dylib
dyld[81124]: <E3276C28-03AD-3F6A-87D2-451955FBDA38> /System/Library/PrivateFrameworks/Heimdal.framework/Versions/A/Heimdal
dyld[81124]: <5B746EA9-58AF-3F2F-9310-49036AA62D4F> /System/Library/Frameworks/Kerberos.framework/Versions/A/Libraries/libHeimdalProxy.dylib
dyld[81124]: <62EC8076-7413-3596-9CD4-8D2913E4E956> /System/Library/PrivateFrameworks/CommonAuth.framework/Versions/A/CommonAuth
dyld[81124]: <277C9FC5-F5DD-3A9E-8D9E-AB16D7C92676> /System/Library/Frameworks/AVFAudio.framework/Versions/A/AVFAudio
dyld[81124]: <42365A50-3213-39E2-ACEF-211A57CE0F0B> /System/Library/PrivateFrameworks/AXCoreUtilities.framework/Versions/A/AXCoreUtilities
dyld[81124]: <144E0DF4-66E7-3C29-A73C-E2D386F2C09C> /System/Library/PrivateFrameworks/AudioSession.framework/Versions/A/AudioSession
dyld[81124]: <F4BB8B9A-8692-369E-91F4-C7F841C4DAB3> /System/Library/Frameworks/IOBluetooth.framework/Versions/A/IOBluetooth
dyld[81124]: <C450493B-ABDA-381D-93A4-2E64FCF63526> /System/Library/PrivateFrameworks/MediaExperience.framework/Versions/A/MediaExperience
dyld[81124]: <E1423618-896E-39E0-871D-042BEE3EEFD1> /System/Library/PrivateFrameworks/AudioSession.framework/libSessionUtility.dylib
dyld[81124]: <E25D1AC7-532C-3B01-B09B-24942ADF0502> /System/Library/PrivateFrameworks/AudioResourceArbitration.framework/Versions/A/AudioResourceArbitration
dyld[81124]: <DA6D39AB-1AC4-300D-AF2C-45F926AB2D04> /System/Library/PrivateFrameworks/PowerLog.framework/Versions/A/PowerLog
dyld[81124]: <C5D50E1D-C6CA-3132-BA24-81DFB87F477A> /System/Library/Frameworks/CoreBluetooth.framework/Versions/A/CoreBluetooth
dyld[81124]: <78A29E76-86A3-311F-819E-372440DEE700> /System/Library/Frameworks/AudioUnit.framework/Versions/A/AudioUnit
dyld[81124]: <DC9597A0-294B-3987-9EA7-4184A1AF74CB> /System/Library/PrivateFrameworks/CoreUtils.framework/Versions/A/CoreUtils
dyld[81124]: <262417E8-A5A8-353D-B976-8FB241E8EA6F> /System/Library/PrivateFrameworks/CoreUtilsExtras.framework/Versions/A/CoreUtilsExtras
dyld[81124]: <9A94BD1C-5016-3A75-B2A0-4B1A3D6ADFDD> /System/Library/PrivateFrameworks/IO80211.framework/Versions/A/IO80211
dyld[81124]: <716DEC4F-6905-3999-A05F-95BFF5CB8FA8> /System/Library/PrivateFrameworks/IconFoundation.framework/Versions/A/IconFoundation
dyld[81124]: <B1B9DB73-98B9-3E22-8AC1-EF6978272F41> /System/Library/PrivateFrameworks/SpeechRecognitionCore.framework/Versions/A/SpeechRecognitionCore
dyld[81124]: <FEA61401-E766-3308-BC79-A77BC6FA86A9> /usr/local/Cellar/gtk-mac-integration/3.0.1/lib/libgtkmacintegration-gtk2.4.dylib
dyld[81124]: <BE2DC7F3-0AC1-3191-A8FB-050D5869AAA2> /System/Library/Frameworks/Carbon.framework/Versions/A/Carbon
dyld[81124]: <91BF6504-18F6-3ABE-BDC9-A21BE2897F9F> /System/Library/Frameworks/Carbon.framework/Versions/A/Frameworks/CommonPanels.framework/Versions/A/CommonPanels
dyld[81124]: <3762416F-321F-3162-A581-BCC1562CF221> /System/Library/Frameworks/Carbon.framework/Versions/A/Frameworks/Help.framework/Versions/A/Help
dyld[81124]: <1BCAA2D9-E0A5-344B-B916-292D14FB6C52> /System/Library/Frameworks/Carbon.framework/Versions/A/Frameworks/ImageCapture.framework/Versions/A/ImageCapture
dyld[81124]: <830BF189-21A6-38C1-932B-0E7560FB4143> /System/Library/Frameworks/Carbon.framework/Versions/A/Frameworks/OpenScripting.framework/Versions/A/OpenScripting
dyld[81124]: <E61112A2-5BB0-3024-A673-66F7F3D0242E> /System/Library/Frameworks/Carbon.framework/Versions/A/Frameworks/Ink.framework/Versions/A/Ink
dyld[81124]: <7CE7A511-F9AA-3D7D-BFAA-596490784D95> /System/Library/Frameworks/Carbon.framework/Versions/A/Frameworks/Print.framework/Versions/A/Print
dyld[81124]: <3FA84979-8830-3D2E-B75F-88F6CDA9FAC3> /System/Library/Frameworks/Carbon.framework/Versions/A/Frameworks/SecurityHI.framework/Versions/A/SecurityHI
dyld[81124]: <364AE2F3-9E2E-30DF-9F53-127CB93032FC> /usr/local/Cellar/glib/2.74.5/lib/libgmodule-2.0.0.dylib
dyld[81124]: <91F162FD-4E6C-3DD6-88ED-BD29C2E376ED> /usr/local/Cellar/pango/1.50.12/lib/libpangoft2-1.0.0.dylib
dyld[81124]: <D13F4EC9-054E-3AD4-B3AE-E6E25BDFA5F1> /usr/local/Cellar/fontconfig/2.14.2/lib/libfontconfig.1.dylib
dyld[81124]: <A608C1DF-5985-31DA-8AC0-F07A9CA5DC9A> /usr/local/Cellar/fribidi/1.0.12/lib/libfribidi.0.dylib
dyld[81124]: <B03498FC-AA04-3318-A213-15D6DBF80C93> /usr/local/Cellar/pcre2/10.42/lib/libpcre2-8.0.dylib
dyld[81124]: <BB553223-8D2B-3662-A6DB-739B0772FD89> /usr/lib/libffi.dylib
dyld[81124]: <4CBC5B96-18F2-3BA6-B6A8-A0051B19C0EA> /usr/local/Cellar/freetype/2.12.1/lib/libfreetype.6.dylib
dyld[81124]: <456FA518-5038-36D4-90CF-96F67D85EB1C> /usr/local/Cellar/graphite2/1.3.14/lib/libgraphite2.3.2.1.dylib
dyld[81124]: <B574B00F-78DC-37D6-A47C-72E0E7494EAF> /usr/local/Cellar/libpng/1.6.39/lib/libpng16.16.dylib
dyld[81124]: <E13CD6DF-5AE9-3F1A-87AE-DBC2DA117F45> /usr/local/Cellar/pixman/0.42.2/lib/libpixman-1.0.42.2.dylib
dyld[81124]: <1D667B4E-289D-38F5-97C7-A83FC95F0B6B> /usr/local/Cellar/libxcb/1.15/lib/libxcb-shm.0.0.0.dylib
dyld[81124]: <1CBEB850-CFDC-3864-B7CF-31F470FED9E8> /usr/local/Cellar/libxcb/1.15/lib/libxcb.1.1.0.dylib
dyld[81124]: <D6E20A12-DBE7-3B15-AC40-329CD6D0D6B4> /usr/local/Cellar/libxcb/1.15/lib/libxcb-render.0.0.0.dylib
dyld[81124]: <AE2F5AF3-360A-3B33-8984-DC1005F41BA3> /usr/local/Cellar/libxrender/0.9.11/lib/libXrender.1.dylib
dyld[81124]: <CA429BD6-1342-3007-B404-C5349CAE0AA8> /usr/local/Cellar/libx11/1.8.3/lib/libX11.6.dylib
dyld[81124]: <4346EB59-CB23-3D5E-888B-31B9C80F7EBF> /usr/local/Cellar/libxext/1.3.5/lib/libXext.6.dylib
dyld[81124]: <ADABAF7C-BC6A-3EAB-8FBC-F3D8FDD20C3E> /usr/local/Cellar/libxau/1.0.11/lib/libXau.6.0.0.dylib
dyld[81124]: <27B95F86-4B3D-34E4-A7F2-2EF1177B37AF> /usr/local/Cellar/libxdmcp/1.1.4/lib/libXdmcp.6.dylib
dyld[81124]: <5A71DB52-7D75-3307-A103-6FFC30AE4767> /usr/local/Cellar/jpeg-turbo/2.1.5/lib/libjpeg.8.2.2.dylib
dyld[81124]: <DB0F1193-3D3F-39D8-B709-6DD40FDB759D> /System/Library/Frameworks/FileProvider.framework/Versions/A/FileProvider
dyld[81124]: <62FF22BA-647F-394C-85A1-BB9FCCF78DA6> /System/Library/Frameworks/Accounts.framework/Versions/A/Accounts
dyld[81124]: <72F10111-845F-3BCB-9F57-0DD10B2B4525> /System/Library/PrivateFrameworks/UserManagement.framework/Versions/A/UserManagement
dyld[81124]: <4A57C19E-CDE3-3062-846D-2CDC24462F92> /System/Library/PrivateFrameworks/GenerationalStorage.framework/Versions/A/GenerationalStorage
dyld[81124]: <0A624372-EDEE-3220-8A16-5C9216D7A9D0> /System/Library/PrivateFrameworks/CoreSymbolication.framework/Versions/A/CoreSymbolication
dyld[81124]: <19452C0C-371D-3DA7-B207-522240691EBF> /System/Library/PrivateFrameworks/SymptomDiagnosticReporter.framework/Versions/A/SymptomDiagnosticReporter
dyld[81124]: <7059654B-81A4-3E9F-B803-FE318F88F6D4> /System/Library/PrivateFrameworks/DesktopServicesPriv.framework/Versions/A/DesktopServicesPriv
dyld[81124]: <AD40707B-BFED-3D12-8C29-B3B4337CDDE3> /usr/lib/libsandbox.1.dylib
dyld[81124]: <94BB6E6D-D70A-33D5-BBF0-24182CF924A9> /System/Library/PrivateFrameworks/DebugSymbols.framework/Versions/A/DebugSymbols
dyld[81124]: <A9D7B4E3-347E-3F0F-8C22-1A52AC9344EB> /System/Library/PrivateFrameworks/NetAuth.framework/Versions/A/NetAuth
dyld[81124]: <919DA0E5-4EB7-35BE-B68A-5A62585B3694> /System/Library/PrivateFrameworks/Sharing.framework/Versions/A/Sharing
dyld[81124]: <21ECFCF1-AEB0-3ABC-AA71-AF72F8A24BC5> /System/Library/PrivateFrameworks/login.framework/Versions/A/Frameworks/loginsupport.framework/Versions/A/loginsupport
dyld[81124]: <547DE785-8009-3F69-9E93-880BE5DC06E2> /System/Library/PrivateFrameworks/Apple80211.framework/Versions/A/Apple80211
dyld[81124]: <D1E27369-B89F-3225-9510-195E6E9CD76A> /System/Library/PrivateFrameworks/AuthKit.framework/Versions/A/AuthKit
dyld[81124]: <D67252AE-9E6F-3ED1-B345-39F7163F0070> /System/Library/Frameworks/CoreWLAN.framework/Versions/A/CoreWLAN
dyld[81124]: <69E98480-62ED-3819-AD6B-55D49547AF7B> /System/Library/PrivateFrameworks/CoreWiFi.framework/Versions/A/CoreWiFi
dyld[81124]: <BBE2340A-9E67-3F6A-AF0C-E6117BD642B1> /System/Library/PrivateFrameworks/WiFiPeerToPeer.framework/Versions/A/WiFiPeerToPeer
dyld[81124]: <027A7E5F-36AC-3B3C-BA0B-1ECE2DF27DC5> /System/Library/PrivateFrameworks/FrontBoardServices.framework/Versions/A/FrontBoardServices
dyld[81124]: <E6B953A2-03DB-39F3-8183-FDCAD430326D> /System/Library/PrivateFrameworks/BoardServices.framework/Versions/A/BoardServices
dyld[81124]: <20006FF6-6819-3A28-9ACA-C28A3B0ACFB9> /System/Library/PrivateFrameworks/BackBoardServices.framework/Versions/A/BackBoardServices
dyld[81124]: <11CDB3FB-A581-350E-8007-5FF4015E64A5> /System/Library/Frameworks/UserNotifications.framework/Versions/A/UserNotifications
dyld[81124]: <B4160FC9-3F36-3D2B-8CC4-F7354C342501> /System/Library/PrivateFrameworks/CorePhoneNumbers.framework/Versions/A/CorePhoneNumbers
dyld[81124]: <99C58AE6-393B-3594-B2AF-F15312ADDA3E> /System/Library/PrivateFrameworks/MultiverseSupport.framework/Versions/A/MultiverseSupport
dyld[81124]: <03A81987-97A6-37FE-BCCD-624570E70F6C> /System/Library/PrivateFrameworks/RemoteServiceDiscovery.framework/Versions/A/RemoteServiceDiscovery
dyld[81124]: <21E60E2B-5E47-3FBC-97C6-C8A7C627D661> /System/Library/PrivateFrameworks/DiskManagement.framework/Versions/A/DiskManagement
dyld[81124]: <EDC480AF-7F67-396D-9AA6-9B6AA382F8DB> /System/Library/PrivateFrameworks/AppleIDAuthSupport.framework/Versions/A/AppleIDAuthSupport
dyld[81124]: <A9419671-D534-37FC-A639-92B6469D6C40> /System/Library/PrivateFrameworks/AAAFoundation.framework/Versions/A/AAAFoundation
dyld[81124]: <153837FE-05C8-3C9D-82FF-7752D65E0CAA> /System/Library/PrivateFrameworks/KeychainCircle.framework/Versions/A/KeychainCircle
dyld[81124]: <3A955869-186F-3DD3-B367-FA3D2DD36FB7> /System/Library/PrivateFrameworks/RemoteXPC.framework/Versions/A/RemoteXPC
dyld[81124]: <48DCA5EF-B19E-3E8E-A165-93F8D1A83B54> /System/Library/PrivateFrameworks/MediaKit.framework/Versions/A/MediaKit
dyld[81124]: <E4160FE3-FAC8-3BAE-A27A-40C58F392DC4> /System/Library/Frameworks/DiscRecording.framework/Versions/A/DiscRecording
dyld[81124]: <3C3D1285-D1C2-32D0-8756-DC2B1E4DD4A5> /usr/lib/libCoreStorage.dylib
dyld[81124]: <E3A8218B-EE31-3379-8D81-0D49BDFECDC3> /usr/lib/libcsfde.dylib
dyld[81124]: <A524F9E1-D979-3F06-8F48-E68851CF473E> /System/Library/PrivateFrameworks/ProtectedCloudStorage.framework/Versions/A/ProtectedCloudStorage
dyld[81124]: <C1F8130F-53EE-35BC-A873-1CA344043E98> /System/Library/PrivateFrameworks/EFILogin.framework/Versions/A/EFILogin
dyld[81124]: <9C19741B-948E-3F03-80E9-537ED16B190B> /System/Library/PrivateFrameworks/OctagonTrust.framework/Versions/A/OctagonTrust
dyld[81124]: <7D9C2AB2-769E-3293-8253-1DB56D4969F1> /usr/lib/libMatch.1.dylib
2023-04-01 17:33:48.004 vfide[81124:726004] *** WARNING: Method userSpaceScaleFactor in class NSView is deprecated on 10.7 and later. It should not be used in new applications. Use convertRectToBacking: instead. 
dyld[81124]: <37CC3EDF-66DA-3347-803A-056205D40D4A> /usr/local/Cellar/gtk+/2.24.33/lib/gtk-2.0/2.10.0/immodules/im-quartz.so
dyld[81124]: <A353CEE4-80CC-3637-8956-AEC16AF17464> /usr/lib/libobjc-trampolines.dylib
dyld[81124]: <DCE17463-CA78-3F1C-8F26-FEBA1170CA20> /System/Library/Frameworks/Accelerate.framework/Versions/A/Frameworks/vImage.framework/Versions/A/Libraries/libCGInterfaces.dylib
dyld[81124]: <8BE52431-D0A2-3B83-8EB0-75C6F932766C> /System/Library/PrivateFrameworks/login.framework/Versions/A/login
dyld[81124]: <6AC6CBDC-9233-3560-9F4F-57803400A868> /System/Library/PrivateFrameworks/ViewBridge.framework/Versions/A/ViewBridge
